<?xml version="1.0" encoding="UTF-8"?>
<kb-project>
 <depends-on-projects/>
 <used-by-projects/>
 <paths>
  <path value="/home/swapnil_limgude/.m2/repository/org/opentest4j/opentest4j/1.3.0/opentest4j-1.3.0.jar"/>
  <path value="/home/swapnil_limgude/.m2/repository/org/apiguardian/apiguardian-api/1.1.2/apiguardian-api-1.1.2.jar"/>
  <path value="/home/swapnil_limgude/.m2/repository/org/junit/platform/junit-platform-commons/1.10.1/junit-platform-commons-1.10.1.jar"/>
  <path value="/home/swapnil_limgude/.m2/repository/org/junit/platform/junit-platform-engine/1.10.1/junit-platform-engine-1.10.1.jar"/>
  <path value="/home/swapnil_limgude/.m2/repository/org/junit/jupiter/junit-jupiter/5.10.1/junit-jupiter-5.10.1.jar"/>
  <path value="/home/swapnil_limgude/.m2/repository/org/junit/jupiter/junit-jupiter-api/5.10.1/junit-jupiter-api-5.10.1.jar"/>
  <path value="/home/swapnil_limgude/.m2/repository/org/junit/jupiter/junit-jupiter-params/5.10.1/junit-jupiter-params-5.10.1.jar"/>
  <path value="/home/swapnil_limgude/.m2/repository/org/junit/jupiter/junit-jupiter-engine/5.10.1/junit-jupiter-engine-5.10.1.jar"/>
 </paths>
 <validation>
  <el>
   <linked-el length="24" name="%0" offset="562" path="%1"/>
   <linked-el length="24" name="%2" offset="562" path="%1"/>
   <linked-el length="24" name="%3" offset="562" path="%1"/>
  </el>
 </validation>
 <aliases>
  <alias path="maven.compiler.source" value="%0"/>
  <alias path="maven" value="%2"/>
  <alias path="/Junit_Mockito_springboot/pom.xml" value="%1"/>
  <alias path="maven.compiler" value="%3"/>
 </aliases>
 <includes/>
 <uris/>
</kb-project>
